============================= test session starts =============================
platform win32 -- Python 3.11.5, pytest-7.3.1, pluggy-1.0.0
benchmark: 4.0.0 (defaults: timer=time.perf_counter disable_gc=False min_rounds=5 min_time=0.000005 max_time=1.0 calibration_precision=10 warmup=False warmup_iterations=100000)
rootdir: E:\major pjs\enhanced_iot_botscan
plugins: anyio-3.7.1, asyncio-0.21.0, benchmark-4.0.0, cov-4.0.0, integration-0.2.3, mock-3.10.0
asyncio: mode=Mode.STRICT
collected 3 items

tests\unit\test_ensemble.py .FF                                          [100%]

================================== FAILURES ===================================
__________________ test_hybrid_ensemble_training_prediction ___________________

sample_data = (          f0        f1        f2  ...        f7        f8        f9
0   0.374540  0.950714  0.731994  ...  0.866176  ...ns], 0     0
1     1
2     1
3     1
4     1
     ..
95    0
96    1
97    1
98    1
99    0
Length: 100, dtype: int32)

    def test_hybrid_ensemble_training_prediction(sample_data):
        X, y = sample_data
        ensemble = HybridEnsemble()
    
        # Train
>       ensemble.train(X, y)

tests\unit\test_ensemble.py:27: 
_ _ _ _ _ _ _ _ _ _ _ _ _ _ _ _ _ _ _ _ _ _ _ _ _ _ _ _ _ _ _ _ _ _ _ _ _ _ _ _

self = <src.core.ensemble.hybrid_ensemble.HybridEnsemble object at 0x000001E74A032BD0>
X =           f0        f1        f2  ...        f7        f8        f9
0   0.374540  0.950714  0.731994  ...  0.866176  0...434827  0.246402  0.819102
99  0.799416  0.694696  0.272145  ...  0.136819  0.950237  0.446006

[100 rows x 10 columns]
y = 0     0
1     1
2     1
3     1
4     1
     ..
95    0
96    1
97    1
98    1
99    0
Length: 100, dtype: int32
validation_data = None

    def train(self, X: pd.DataFrame, y: pd.Series,
              validation_data: Optional[Tuple[pd.DataFrame, pd.Series]] = None) -> Dict[str, Any]:
        """
        Train hybrid ensemble.
    
        Args:
            X: Training features
            y: Training labels
            validation_data: Optional validation data (X_val, y_val)
    
        Returns:
            Training results dictionary
        """
    
        logger.info(
            f"Training Hybrid Ensemble on {len(X)} samples with {len(X.columns)} features")
    
        # Prepare validation data
        X_val, y_val = validation_data if validation_data else (None, None)
    
        # Train base models
        base_model_results = {}
        for model_name, model in self.base_models.items():
            logger.info(f"Training {model_name}...")
    
            try:
                results = model.train(
                    X, y,
                    validation_data=validation_data,
                    optimize_hyperparams=self.optimize_base_models
                )
                base_model_results[model_name] = results
    
            except Exception as e:
                logger.error(f"Failed to train {model_name}: {e}")
                base_model_results[model_name] = {'error': str(e)}
    
        n_classes = len(np.unique(y))
        if n_classes > 2:
            self.use_stacking = False
    
        if self.use_stacking:
            logger.info("Generating stacking data...")
    
            # Create temporary models for stacking (to avoid overfitting)
            temp_models = []
            for model_name in ['random_forest', 'xgboost', 'lightgbm']:
                if model_name in self.base_models:
                    # Create fresh instance for stacking
                    if model_name == 'random_forest':
                        temp_model = RandomForestModel(self.config)
                    elif model_name == 'xgboost':
                        temp_model = XGBoostModel(self.config)
                    elif model_name == 'lightgbm':
                        temp_model = LightGBMModel(self.config)
                    temp_models.append(temp_model)
    
            # Generate stacking predictions
>           stacking_predictions, _ = StackingEnsemble.generate_stacking_data(
                temp_models, X, y, self.stacking_cv_folds
            )

src\core\ensemble\hybrid_ensemble.py:112: 
_ _ _ _ _ _ _ _ _ _ _ _ _ _ _ _ _ _ _ _ _ _ _ _ _ _ _ _ _ _ _ _ _ _ _ _ _ _ _ _

base_models = [<src.core.ensemble.random_forest_model.RandomForestModel object at 0x000001E749875650>, <src.core.ensemble.xgboost_mo...oostModel object at 0x000001E749E8CE10>, <src.core.ensemble.lightgbm_model.LightGBMModel object at 0x000001E749EFC610>]
X =           f0        f1        f2  ...        f7        f8        f9
0   0.374540  0.950714  0.731994  ...  0.866176  0...434827  0.246402  0.819102
99  0.799416  0.694696  0.272145  ...  0.136819  0.950237  0.446006

[100 rows x 10 columns]
y = 0     0
1     1
2     1
3     1
4     1
     ..
95    0
96    1
97    1
98    1
99    0
Length: 100, dtype: int32
cv_folds = 5

    @staticmethod
    def generate_stacking_data(base_models: List[Any], X: pd.DataFrame,
                               y: pd.Series = None, cv_folds: int = 5) -> Tuple[np.ndarray, np.ndarray]:
        """
        Generate stacking data using cross-validation to prevent overfitting.
    
        Args:
            base_models: List of trained base models
            X: Features
            y: Labels (optional, for stratified CV)
            cv_folds: Number of CV folds
    
        Returns:
            Tuple of (stacking_predictions, true_labels)
        """
    
        n_samples = len(X)
        n_models = len(base_models)
    
        # Initialize stacking predictions array
        stacking_predictions = np.zeros((n_samples, n_models))
    
        if y is not None:
            # Use stratified K-fold
            skf = StratifiedKFold(
                n_splits=cv_folds, shuffle=True, random_state=42)
            splits = skf.split(X, y)
        else:
            # Use regular K-fold
            from sklearn.model_selection import KFold
            kf = KFold(n_splits=cv_folds, shuffle=True, random_state=42)
            splits = kf.split(X)
    
        # Generate out-of-fold predictions for each base model
        for fold_idx, (train_idx, val_idx) in enumerate(splits):
            X_train_fold = X.iloc[train_idx]
            X_val_fold = X.iloc[val_idx]
    
            for model_idx, model in enumerate(base_models):
                # Train model on fold training data
>               model.fit(X_train_fold,
                          y.iloc[train_idx] if y is not None else None)
E               AttributeError: 'RandomForestModel' object has no attribute 'fit'

src\core\ensemble\meta_learner.py:302: AttributeError
_______________________ test_hybrid_ensemble_evaluation _______________________

sample_data = (          f0        f1        f2  ...        f7        f8        f9
0   0.374540  0.950714  0.731994  ...  0.866176  ...ns], 0     0
1     1
2     1
3     1
4     1
     ..
95    0
96    1
97    1
98    1
99    0
Length: 100, dtype: int32)

    def test_hybrid_ensemble_evaluation(sample_data):
        X, y = sample_data
        ensemble = HybridEnsemble()
>       ensemble.train(X, y)

tests\unit\test_ensemble.py:41: 
_ _ _ _ _ _ _ _ _ _ _ _ _ _ _ _ _ _ _ _ _ _ _ _ _ _ _ _ _ _ _ _ _ _ _ _ _ _ _ _

self = <src.core.ensemble.hybrid_ensemble.HybridEnsemble object at 0x000001E74B276850>
X =           f0        f1        f2  ...        f7        f8        f9
0   0.374540  0.950714  0.731994  ...  0.866176  0...434827  0.246402  0.819102
99  0.799416  0.694696  0.272145  ...  0.136819  0.950237  0.446006

[100 rows x 10 columns]
y = 0     0
1     1
2     1
3     1
4     1
     ..
95    0
96    1
97    1
98    1
99    0
Length: 100, dtype: int32
validation_data = None

    def train(self, X: pd.DataFrame, y: pd.Series,
              validation_data: Optional[Tuple[pd.DataFrame, pd.Series]] = None) -> Dict[str, Any]:
        """
        Train hybrid ensemble.
    
        Args:
            X: Training features
            y: Training labels
            validation_data: Optional validation data (X_val, y_val)
    
        Returns:
            Training results dictionary
        """
    
        logger.info(
            f"Training Hybrid Ensemble on {len(X)} samples with {len(X.columns)} features")
    
        # Prepare validation data
        X_val, y_val = validation_data if validation_data else (None, None)
    
        # Train base models
        base_model_results = {}
        for model_name, model in self.base_models.items():
            logger.info(f"Training {model_name}...")
    
            try:
                results = model.train(
                    X, y,
                    validation_data=validation_data,
                    optimize_hyperparams=self.optimize_base_models
                )
                base_model_results[model_name] = results
    
            except Exception as e:
                logger.error(f"Failed to train {model_name}: {e}")
                base_model_results[model_name] = {'error': str(e)}
    
        n_classes = len(np.unique(y))
        if n_classes > 2:
            self.use_stacking = False
    
        if self.use_stacking:
            logger.info("Generating stacking data...")
    
            # Create temporary models for stacking (to avoid overfitting)
            temp_models = []
            for model_name in ['random_forest', 'xgboost', 'lightgbm']:
                if model_name in self.base_models:
                    # Create fresh instance for stacking
                    if model_name == 'random_forest':
                        temp_model = RandomForestModel(self.config)
                    elif model_name == 'xgboost':
                        temp_model = XGBoostModel(self.config)
                    elif model_name == 'lightgbm':
                        temp_model = LightGBMModel(self.config)
                    temp_models.append(temp_model)
    
            # Generate stacking predictions
>           stacking_predictions, _ = StackingEnsemble.generate_stacking_data(
                temp_models, X, y, self.stacking_cv_folds
            )

src\core\ensemble\hybrid_ensemble.py:112: 
_ _ _ _ _ _ _ _ _ _ _ _ _ _ _ _ _ _ _ _ _ _ _ _ _ _ _ _ _ _ _ _ _ _ _ _ _ _ _ _

base_models = [<src.core.ensemble.random_forest_model.RandomForestModel object at 0x000001E749ECD450>, <src.core.ensemble.xgboost_mo...oostModel object at 0x000001E74B281CD0>, <src.core.ensemble.lightgbm_model.LightGBMModel object at 0x000001E74B281350>]
X =           f0        f1        f2  ...        f7        f8        f9
0   0.374540  0.950714  0.731994  ...  0.866176  0...434827  0.246402  0.819102
99  0.799416  0.694696  0.272145  ...  0.136819  0.950237  0.446006

[100 rows x 10 columns]
y = 0     0
1     1
2     1
3     1
4     1
     ..
95    0
96    1
97    1
98    1
99    0
Length: 100, dtype: int32
cv_folds = 5

    @staticmethod
    def generate_stacking_data(base_models: List[Any], X: pd.DataFrame,
                               y: pd.Series = None, cv_folds: int = 5) -> Tuple[np.ndarray, np.ndarray]:
        """
        Generate stacking data using cross-validation to prevent overfitting.
    
        Args:
            base_models: List of trained base models
            X: Features
            y: Labels (optional, for stratified CV)
            cv_folds: Number of CV folds
    
        Returns:
            Tuple of (stacking_predictions, true_labels)
        """
    
        n_samples = len(X)
        n_models = len(base_models)
    
        # Initialize stacking predictions array
        stacking_predictions = np.zeros((n_samples, n_models))
    
        if y is not None:
            # Use stratified K-fold
            skf = StratifiedKFold(
                n_splits=cv_folds, shuffle=True, random_state=42)
            splits = skf.split(X, y)
        else:
            # Use regular K-fold
            from sklearn.model_selection import KFold
            kf = KFold(n_splits=cv_folds, shuffle=True, random_state=42)
            splits = kf.split(X)
    
        # Generate out-of-fold predictions for each base model
        for fold_idx, (train_idx, val_idx) in enumerate(splits):
            X_train_fold = X.iloc[train_idx]
            X_val_fold = X.iloc[val_idx]
    
            for model_idx, model in enumerate(base_models):
                # Train model on fold training data
>               model.fit(X_train_fold,
                          y.iloc[train_idx] if y is not None else None)
E               AttributeError: 'RandomForestModel' object has no attribute 'fit'

src\core\ensemble\meta_learner.py:302: AttributeError
=========================== short test summary info ===========================
FAILED tests/unit/test_ensemble.py::test_hybrid_ensemble_training_prediction
FAILED tests/unit/test_ensemble.py::test_hybrid_ensemble_evaluation - Attribu...
======================== 2 failed, 1 passed in 29.25s =========================
